<?xml version="1.0" encoding="UTF-8"?>
<testng-results skipped="0" failed="0" ignored="0" total="1" passed="1">
  <reporter-output>
  </reporter-output>
  <suite name="Default suite" duration-ms="46923" started-at="2020-09-14T16:45:48 IST" finished-at="2020-09-14T16:46:35 IST">
    <groups>
    </groups>
    <test name="Default test" duration-ms="46923" started-at="2020-09-14T16:45:48 IST" finished-at="2020-09-14T16:46:35 IST">
      <class name="com.pages.Home">
        <test-method status="PASS" signature="m1()[pri:0, instance:com.pages.Home@6ee52dcd]" name="m1" duration-ms="46865" started-at="2020-09-14T16:45:49 IST" finished-at="2020-09-14T16:46:35 IST">
          <reporter-output>
          </reporter-output>
        </test-method> <!-- m1 -->
      </class> <!-- com.pages.Home -->
    </test> <!-- Default test -->
  </suite> <!-- Default suite -->
</testng-results>
